
> mapcap-ipo-backend@1.6.5 test
> cross-env NODE_ENV=test NODE_OPTIONS='--experimental-vm-modules' jest --runInBand

  console.log
    [32m[AUDIT_INFO] 2026-02-16T00:57:12.206Z - [INFO]: MapCap Audit Engine v1.5.5 Synchronized for Cloud Deployment.
    [0m

      at log (src/config/logger.js:68:17)

(node:27207) ExperimentalWarning: VM Modules is an experimental feature and might change at any time
(Use `node --trace-warnings ...` to show where the warning was created)
  console.log
    
    🚀 Test Engine Connected: Remote Cloud

      at Object.log (test/setup.js:38:15)

FAIL test/integration/payout.pipeline.test.js (8.702 s)
  Payout Pipeline - End-to-End Financial Integration
    ✕ Vesting Flow: Successful Pi transfer should update the investor ledger (1016 ms)
    ✓ Resilience: Database should not update if the Payout Service fails (463 ms)

  ● Payout Pipeline - End-to-End Financial Integration › Vesting Flow: Successful Pi transfer should update the investor ledger

    expect(received).toBe(expected) // Object.is equality

    Expected: 200
    Received: 404

      68 |     const updatedPioneer = await Investor.findById(pioneer._id);
      69 |     
    > 70 |     expect(response.status).toBe(200);
         |                             ^
      71 |     expect(paymentSpy).toHaveBeenCalled();
      72 |     expect(updatedPioneer.vestingMonthsCompleted).toBe(1);
      73 |     expect(updatedPioneer.lastPayoutTxId).toBe('PI_BLOCK_999');

      at Object.toBe (test/integration/payout.pipeline.test.js:70:29)

  console.log
    [32m[AUDIT_INFO] 2026-02-16T00:57:17.692Z - [INFO]: MapCap Audit Engine v1.5.5 Synchronized for Cloud Deployment.
    [0m

      at log (src/config/logger.js:68:17)

  console.log
    
    🚀 Test Engine Connected: Remote Cloud

      at Object.log (test/setup.js:38:15)

FAIL test/integration/metrics.sync.test.js
  Metrics Synchronization - System Pulse Integration
    ✕ Sync: Should fetch external Pi price and update GlobalConfig pulse (502 ms)
    ✕ Resilience: Should retain last known price if external sync fails (371 ms)

  ● Metrics Synchronization - System Pulse Integration › Sync: Should fetch external Pi price and update GlobalConfig pulse

    ReferenceError: jest is not defined

      51 |     };
      52 |
    > 53 |     const priceSpy = jest.spyOn(PriceService, 'fetchLatestPiPrice')
         |                      ^
      54 |       .mockResolvedValue(mockPriceData);
      55 |
      56 |     // 2. Trigger the sync via the Admin/Cron endpoint

      at Object.jest (test/integration/metrics.sync.test.js:53:22)

  ● Metrics Synchronization - System Pulse Integration › Sync: Should fetch external Pi price and update GlobalConfig pulse

    ReferenceError: jest is not defined

      31 |   afterEach(async () => {
      32 |     await GlobalConfig.deleteMany({});
    > 33 |     jest.restoreAllMocks();
         |     ^
      34 |   });
      35 |
      36 |   afterAll(async () => {

      at Object.jest (test/integration/metrics.sync.test.js:33:5)

  ● Metrics Synchronization - System Pulse Integration › Resilience: Should retain last known price if external sync fails

    ReferenceError: jest is not defined

      81 |
      82 |     // 2. Simulate external API failure (Timeout or Error)
    > 83 |     jest.spyOn(PriceService, 'fetchLatestPiPrice')
         |     ^
      84 |       .mockRejectedValue(new Error('Oracle Offline'));
      85 |
      86 |     const response = await request(app)

      at Object.jest (test/integration/metrics.sync.test.js:83:5)

  ● Metrics Synchronization - System Pulse Integration › Resilience: Should retain last known price if external sync fails

    ReferenceError: jest is not defined

      31 |   afterEach(async () => {
      32 |     await GlobalConfig.deleteMany({});
    > 33 |     jest.restoreAllMocks();
         |     ^
      34 |   });
      35 |
      36 |   afterAll(async () => {

      at Object.jest (test/integration/metrics.sync.test.js:33:5)

  console.log
    [32m[AUDIT_INFO] 2026-02-16T00:57:21.778Z - [INFO]: MapCap Audit Engine v1.5.5 Synchronized for Cloud Deployment.
    [0m

      at log (src/config/logger.js:68:17)

  console.log
    
    🚀 Test Engine Connected: Remote Cloud

      at Object.log (test/setup.js:38:15)

  console.log
    --- [COMPLIANCE] Initiating Post-IPO Final Settlement Sequence ---

      at SettlementJob.log [as executeWhaleTrimBack] (src/jobs/settlement.job.js:29:17)

  console.log
    [32m[AUDIT_INFO] 2026-02-16T00:57:22.792Z - [INFO]: Whale Settlement Triggered. Final Water-Level: 100000 Pi
    [0m

      at log (src/config/logger.js:68:17)

  console.warn
    [WHALE_CAP_TRIGGERED] Wallet: Whale_001 | Surplus: 5000.555555 Pi

      50 |                 if (preciseRefund <= 0) continue;
      51 |
    > 52 |                 console.warn(`[WHALE_CAP_TRIGGERED] Wallet: ${investor.piAddress} | Surplus: ${preciseRefund} Pi`);
         |                         ^
      53 |
      54 |                 try {
      55 |                     /**

      at SettlementJob.warn [as executeWhaleTrimBack] (src/jobs/settlement.job.js:52:25)
      at Object.<anonymous> (test/unit/jobs/settlement.job.test.js:55:22)

  console.log
    [32m[AUDIT_INFO] 2026-02-16T00:57:22.806Z - [INFO]: Settlement Success: 5000.555555 Pi returned to Whale_001. Threshold maintained.
    [0m

      at log (src/config/logger.js:68:17)

  console.log
    --- [SUMMARY] Settlement Finalized. Total Refunded: 5000.555555 | Accounts Capped: 1 ---

      at SettlementJob.log [as executeWhaleTrimBack] (src/jobs/settlement.job.js:77:21)

  console.log
    [32m[AUDIT_INFO] 2026-02-16T00:57:22.812Z - [INFO]: Settlement Finalized. Total Refunded: 5000.555555 | Accounts Capped: 1
    [0m

      at log (src/config/logger.js:68:17)

  console.log
    --- [COMPLIANCE] Initiating Post-IPO Final Settlement Sequence ---

      at SettlementJob.log [as executeWhaleTrimBack] (src/jobs/settlement.job.js:29:17)

  console.log
    [32m[AUDIT_INFO] 2026-02-16T00:57:23.380Z - [INFO]: Whale Settlement Triggered. Final Water-Level: 100000 Pi
    [0m

      at log (src/config/logger.js:68:17)

  console.warn
    [WHALE_CAP_TRIGGERED] Wallet: Whale_A | Surplus: 2000 Pi

      50 |                 if (preciseRefund <= 0) continue;
      51 |
    > 52 |                 console.warn(`[WHALE_CAP_TRIGGERED] Wallet: ${investor.piAddress} | Surplus: ${preciseRefund} Pi`);
         |                         ^
      53 |
      54 |                 try {
      55 |                     /**

      at SettlementJob.warn [as executeWhaleTrimBack] (src/jobs/settlement.job.js:52:25)
      at Object.<anonymous> (test/unit/jobs/settlement.job.test.js:80:22)

  console.log
    [32m[AUDIT_INFO] 2026-02-16T00:57:23.390Z - [INFO]: Settlement Success: 2000 Pi returned to Whale_A. Threshold maintained.
    [0m

      at log (src/config/logger.js:68:17)

  console.warn
    [WHALE_CAP_TRIGGERED] Wallet: Whale_B | Surplus: 3000 Pi

      50 |                 if (preciseRefund <= 0) continue;
      51 |
    > 52 |                 console.warn(`[WHALE_CAP_TRIGGERED] Wallet: ${investor.piAddress} | Surplus: ${preciseRefund} Pi`);
         |                         ^
      53 |
      54 |                 try {
      55 |                     /**

      at SettlementJob.warn [as executeWhaleTrimBack] (src/jobs/settlement.job.js:52:25)
      at Object.<anonymous> (test/unit/jobs/settlement.job.test.js:80:22)

  console.log
    [32m[AUDIT_INFO] 2026-02-16T00:57:23.397Z - [INFO]: Settlement Success: 3000 Pi returned to Whale_B. Threshold maintained.
    [0m

      at log (src/config/logger.js:68:17)

  console.log
    --- [SUMMARY] Settlement Finalized. Total Refunded: 5000 | Accounts Capped: 2 ---

      at SettlementJob.log [as executeWhaleTrimBack] (src/jobs/settlement.job.js:77:21)

  console.log
    [32m[AUDIT_INFO] 2026-02-16T00:57:23.402Z - [INFO]: Settlement Finalized. Total Refunded: 5000 | Accounts Capped: 2
    [0m

      at log (src/config/logger.js:68:17)

  console.log
    🕒 --- [VESTING_ENGINE] Monthly Distribution Cycle Started ---

      at VestingJob.log [as executeMonthlyVesting] (src/jobs/vesting.job.js:27:17)

  console.log
    [32m[AUDIT_INFO] 2026-02-16T00:57:23.517Z - [INFO]: Vesting Engine: Monthly Tranche Release Initiated.
    [0m

      at log (src/config/logger.js:68:17)

  console.log
    [32m[AUDIT_INFO] 2026-02-16T00:57:23.521Z - [INFO]: [TRANCHE_RELEASED] 1/10 to Pioneer_001
    [0m

      at log (src/config/logger.js:68:17)

  console.log
    🏁 --- [SUCCESS] Monthly Vesting Cycle Finalized ---

      at VestingJob.log [as executeMonthlyVesting] (src/jobs/vesting.job.js:77:21)

  console.log
    🕒 --- [VESTING_ENGINE] Monthly Distribution Cycle Started ---

      at VestingJob.log [as executeMonthlyVesting] (src/jobs/vesting.job.js:27:17)

  console.log
    [32m[AUDIT_INFO] 2026-02-16T00:57:23.739Z - [INFO]: Vesting Engine: Monthly Tranche Release Initiated.
    [0m

      at log (src/config/logger.js:68:17)

  console.log
    ℹ️ [SYSTEM] Idle State: No pending vesting tranches detected.

      at VestingJob.log [as executeMonthlyVesting] (src/jobs/vesting.job.js:43:25)

  console.log
    --- [COMPLIANCE] Initiating Post-IPO Final Settlement Sequence ---

      at SettlementJob.log [as executeWhaleTrimBack] (src/jobs/settlement.job.js:29:17)

  console.log
    [32m[AUDIT_INFO] 2026-02-16T00:57:23.857Z - [INFO]: Whale Settlement Triggered. Final Water-Level: 100000 Pi
    [0m

      at log (src/config/logger.js:68:17)

  console.warn
    [WHALE_CAP_TRIGGERED] Wallet: Whale_Fail | Surplus: 10000 Pi

      50 |                 if (preciseRefund <= 0) continue;
      51 |
    > 52 |                 console.warn(`[WHALE_CAP_TRIGGERED] Wallet: ${investor.piAddress} | Surplus: ${preciseRefund} Pi`);
         |                         ^
      53 |
      54 |                 try {
      55 |                     /**

      at SettlementJob.warn [as executeWhaleTrimBack] (src/jobs/settlement.job.js:52:25)
      at Object.<anonymous> (test/unit/jobs/settlement.job.test.js:142:7)

  console.error
    [31m[AUDIT_ALERT] 2026-02-16T00:57:23.876Z - [CRITICAL]: PAYOUT_FAILED for Whale_Fail: A2U Timeout
    [0m

      64 |     // Real-time Console Output for Log Streaming (Vercel Dashboard Visibility)
      65 |     if (level === 'CRITICAL' || level === 'ERROR' || level === 'WARN') {
    > 66 |         console.error(`\x1b[31m[AUDIT_ALERT] ${entry}\x1b[0m`); // ANSI Red for Errors
         |                 ^
      67 |     } else {
      68 |         console.log(`\x1b[32m[AUDIT_INFO] ${entry}\x1b[0m`); // ANSI Green for Info
      69 |     }

      at error (src/config/logger.js:66:17)
      at SettlementJob.writeAuditLog [as executeWhaleTrimBack] (src/jobs/settlement.job.js:72:21)
      at Object.<anonymous> (test/unit/jobs/settlement.job.test.js:142:7)

  console.error
    [CRITICAL_FAILURE] Settlement execution error for Whale_Fail

      71 |                 } catch (payoutError) {
      72 |                     writeAuditLog('CRITICAL', `PAYOUT_FAILED for ${investor.piAddress}: ${payoutError.message}`);
    > 73 |                     console.error(`[CRITICAL_FAILURE] Settlement execution error for ${investor.piAddress}`);
         |                             ^
      74 |                 }
      75 |             }
      76 |

      at SettlementJob.error [as executeWhaleTrimBack] (src/jobs/settlement.job.js:73:29)
      at Object.<anonymous> (test/unit/jobs/settlement.job.test.js:142:7)

  console.warn
    [WHALE_CAP_TRIGGERED] Wallet: Whale_Success | Surplus: 10000 Pi

      50 |                 if (preciseRefund <= 0) continue;
      51 |
    > 52 |                 console.warn(`[WHALE_CAP_TRIGGERED] Wallet: ${investor.piAddress} | Surplus: ${preciseRefund} Pi`);
         |                         ^
      53 |
      54 |                 try {
      55 |                     /**

      at SettlementJob.warn [as executeWhaleTrimBack] (src/jobs/settlement.job.js:52:25)
      at Object.<anonymous> (test/unit/jobs/settlement.job.test.js:142:7)

  console.log
    [32m[AUDIT_INFO] 2026-02-16T00:57:23.886Z - [INFO]: Settlement Success: 10000 Pi returned to Whale_Success. Threshold maintained.
    [0m

      at log (src/config/logger.js:68:17)

  console.log
    --- [SUMMARY] Settlement Finalized. Total Refunded: 10000 | Accounts Capped: 1 ---

      at SettlementJob.log [as executeWhaleTrimBack] (src/jobs/settlement.job.js:77:21)

  console.log
    [32m[AUDIT_INFO] 2026-02-16T00:57:23.890Z - [INFO]: Settlement Finalized. Total Refunded: 10000 | Accounts Capped: 1
    [0m

      at log (src/config/logger.js:68:17)

  console.log
    🕒 --- [VESTING_ENGINE] Monthly Distribution Cycle Started ---

      at VestingJob.log [as executeMonthlyVesting] (src/jobs/vesting.job.js:27:17)

  console.log
    [32m[AUDIT_INFO] 2026-02-16T00:57:24.007Z - [INFO]: Vesting Engine: Monthly Tranche Release Initiated.
    [0m

      at log (src/config/logger.js:68:17)

  console.log
    🏁 --- [SUCCESS] Monthly Vesting Cycle Finalized ---

      at VestingJob.log [as executeMonthlyVesting] (src/jobs/vesting.job.js:77:21)

FAIL test/unit/jobs/settlement.job.test.js
  Financial Lifecycle - Settlement & Vesting Unified Tests
    Whale Trim-Back - Precision & Enforcement
      ✓ Precision: Should refund excess Pi with 6-decimal floor truncation (596 ms)
      ✓ Aggregation: Should track total refunded Pi across all identified whales (138 ms)
    Monthly Vesting - Release Logic
      ✕ Calculation: Should release exactly 10% of equity per month (185 ms)
      ✓ Security: Should strictly filter out whales from the vesting queue (115 ms)
    System Fault Tolerance
      ✓ Resilience: Should continue processing queue if a single payout fails (149 ms)
      ✓ Integrity: Should not record progress if vesting payment fails (117 ms)

  ● Financial Lifecycle - Settlement & Vesting Unified Tests › Monthly Vesting - Release Logic › Calculation: Should release exactly 10% of equity per month

    expect(jest.fn()).toHaveBeenCalledWith(...expected)

    Expected: "Pioneer_001", 100, Any<String>
    Received: "Pioneer_001", 100

    Number of calls: 1

      105 |
      106 |       // Ensure PaymentService is called with correct distribution amount (1000 * 0.1)
    > 107 |       expect(PaymentService.transferPi).toHaveBeenCalledWith(
          |                                         ^
      108 |         'Pioneer_001', 
      109 |         100, 
      110 |         expect.any(String) 

      at Object.toHaveBeenCalledWith (test/unit/jobs/settlement.job.test.js:107:41)

  console.log
    [32m[AUDIT_INFO] 2026-02-16T00:57:26.471Z - [INFO]: MapCap Audit Engine v1.5.5 Synchronized for Cloud Deployment.
    [0m

      at log (src/config/logger.js:68:17)

  console.log
    
    🚀 Test Engine Connected: Remote Cloud

      at Object.log (test/setup.js:38:15)

  console.log
    [ADMIN_ACTION] Manual Post-IPO Settlement sequence initiated at 2026-02-16T00:57:27.509Z

      at AdminController.log [as triggerFinalSettlement] (src/controllers/admin/admin.controller.js:21:21)

  console.log
    [ADMIN_ACTION] Manual Post-IPO Settlement sequence initiated at 2026-02-16T00:57:27.957Z

      at AdminController.log [as triggerFinalSettlement] (src/controllers/admin/admin.controller.js:21:21)

  console.error
    [31m[AUDIT_ALERT] 2026-02-16T00:57:27.961Z - [ERROR]: [ERR-MLOGSV4P-LJF] Code: 400 | Message: Settlement Aborted: No liquidity detected in the IPO pool.
    [0m

      64 |     // Real-time Console Output for Log Streaming (Vercel Dashboard Visibility)
      65 |     if (level === 'CRITICAL' || level === 'ERROR' || level === 'WARN') {
    > 66 |         console.error(`\x1b[31m[AUDIT_ALERT] ${entry}\x1b[0m`); // ANSI Red for Errors
         |                 ^
      67 |     } else {
      68 |         console.log(`\x1b[32m[AUDIT_INFO] ${entry}\x1b[0m`); // ANSI Green for Info
      69 |     }

      at error (src/config/logger.js:66:17)
      at ResponseHelper.writeAuditLog [as error] (src/utils/response.helper.js:51:7)
      at AdminController.error [as triggerFinalSettlement] (src/controllers/admin/admin.controller.js:44:39)
      at Object.<anonymous> (test/unit/controllers/admin.controller.test.js:82:7)

  console.log
    [ADMIN_ACTION] Manual Post-IPO Settlement sequence initiated at 2026-02-16T00:57:28.029Z

      at AdminController.log [as triggerFinalSettlement] (src/controllers/admin/admin.controller.js:21:21)

FAIL test/unit/controllers/admin.controller.test.js
  Admin Command Center - Unified Integrity Tests
    Settlement Engine - Logic & Safety
      ✕ Execution: Should successfully trigger the Whale-Trim-Back protocol and return status (425 ms)
      ✓ Safety: Should abort settlement and return 400 if total Pi pool is empty (70 ms)
      ✓ Audit: Should report execution metrics within the data object for the Dashboard (64 ms)
    Admin Gateway - Security & Route Verification
      ✓ Auth: POST /login must be reachable for administrator entry (54 ms)
      ✓ Security: High-stakes endpoints like /status and /settle must be protected (63 ms)
      ✓ Compliance: GET /audit-logs must be accessible for Daniel’s review (67 ms)

  ● Admin Command Center - Unified Integrity Tests › Settlement Engine - Logic & Safety › Execution: Should successfully trigger the Whale-Trim-Back protocol and return status

    expect(jest.fn()).toHaveBeenCalledWith(...expected)

    Expected: ObjectContaining {"message": StringMatching /Settlement sequence finalized|successfully/i, "success": true}
    Received: {"data": {"executionTimestamp": "2026-02-16T00:57:27.522Z", "metrics": {"investorsAudited": 50, "refundsIssued": 2, "totalPoolProcessed": 100000, "totalRefundedPi": 500}, "status": "COMPLETED"}, "message": "Post-IPO settlement and Whale trim-back protocol executed.", "status": "OK", "success": true, "timestamp": "2026-02-16T00:57:27.523Z"}

    Number of calls: 1

      68 |       
      69 |       // Updated to match the standardized ResponseHelper output
    > 70 |       expect(mockRes.json).toHaveBeenCalledWith(
         |                            ^
      71 |         expect.objectContaining({ 
      72 |           success: true, 
      73 |           message: expect.stringMatching(/Settlement sequence finalized|successfully/i) 

      at Object.toHaveBeenCalledWith (test/unit/controllers/admin.controller.test.js:70:28)

  console.log
    [32m[AUDIT_INFO] 2026-02-16T00:57:30.531Z - [INFO]: MapCap Audit Engine v1.5.5 Synchronized for Cloud Deployment.
    [0m

      at log (src/config/logger.js:68:17)

PASS test/unit/utils/system.health.test.js
  System Health & Cloud Infrastructure - Unit Tests
    Server Engine - Heartbeat Integration
      ✓ Heartbeat: GET / should return 200 and live financial metrics for UI (568 ms)
      ✓ Security: Should verify CORS headers for cross-origin dashboard access (243 ms)
    Audit Logger - Transparency & Alerts
      ✓ INFO Logs: Should format operational entries with [AUDIT_INFO] tag (151 ms)
      ✓ CRITICAL Alerts: Should elevate priority for security/pipeline failures (137 ms)
    Vercel Config - Serverless Security
      ✓ Security: Should enforce no-store headers to prevent stale financial data (144 ms)
      ✓ Environment: Should enable experimental-modules for Node runtime support (141 ms)

  console.log
    [32m[AUDIT_INFO] 2026-02-16T00:57:34.954Z - [INFO]: MapCap Audit Engine v1.5.5 Synchronized for Cloud Deployment.
    [0m

      at log (src/config/logger.js:68:17)

  console.log
    
    🚀 Test Engine Connected: Remote Cloud

      at Object.log (test/setup.js:38:15)

  console.error
    [31m[AUDIT_ALERT] 2026-02-16T00:57:37.188Z - [ERROR]: [ERR-MLOGT28Z-F5W] Code: 400 | Message: Mandatory fields required: userWallet & amount.
    [0m

      64 |     // Real-time Console Output for Log Streaming (Vercel Dashboard Visibility)
      65 |     if (level === 'CRITICAL' || level === 'ERROR' || level === 'WARN') {
    > 66 |         console.error(`\x1b[31m[AUDIT_ALERT] ${entry}\x1b[0m`); // ANSI Red for Errors
         |                 ^
      67 |     } else {
      68 |         console.log(`\x1b[32m[AUDIT_INFO] ${entry}\x1b[0m`); // ANSI Green for Info
      69 |     }

      at error (src/config/logger.js:66:17)
      at ResponseHelper.writeAuditLog [as error] (src/utils/response.helper.js:51:7)
      at error (src/routes/api.js:76:31)
      at Object.withdrawHandler (test/unit/routes/api.routes.test.js:96:13)

PASS test/unit/routes/api.routes.test.js
  API & IPO Routing Architecture - Integrity Tests
    Global Stats & Health Endpoints
      ✓ Pulse: GET /stats should deliver synchronized scarcity engine metrics (562 ms)
      ✓ Health: GET /status should confirm "Daniel_Audit_Ready" operational state (154 ms)
    Financial Transaction Mapping
      ✓ Payment: POST /invest must map to PaymentController logic (198 ms)
      ✓ A2UaaS: POST /withdraw should securely trigger PayoutService sequence (173 ms)
      ✓ Security: POST /withdraw should intercept and reject missing wallet parameters (203 ms)

  console.log
    [32m[AUDIT_INFO] 2026-02-16T00:57:39.178Z - [INFO]: MapCap Audit Engine v1.5.5 Synchronized for Cloud Deployment.
    [0m

      at log (src/config/logger.js:68:17)

  console.log
    
    🚀 Test Engine Connected: Remote Cloud

      at Object.log (test/setup.js:38:15)

  console.log
    --- [MARKET_ENGINE] Starting Daily Price Recalibration Cycle ---

      at DailyPriceJob.log [as updatePrice] (src/jobs/daily-price-update.js:26:17)

  console.log
    [32m[AUDIT_INFO] 2026-02-16T00:57:40.309Z - [INFO]: [MARKET_SNAPSHOT] Pool: 100000 Pi | Spot Price: 21.818180
    [0m

      at log (src/config/logger.js:68:17)

  console.log
    [AUDIT] Current Water-Level: 100000 Pi

      at DailyPriceJob.log [as updatePrice] (src/jobs/daily-price-update.js:54:21)

  console.log
    [AUDIT] Market Spot Price: 21.818180

      at DailyPriceJob.log [as updatePrice] (src/jobs/daily-price-update.js:55:21)

  console.log
    --- [SUCCESS] Market Recalibration Cycle Finalized ---

      at DailyPriceJob.log [as updatePrice] (src/jobs/daily-price-update.js:62:21)

  console.log
    --- [MARKET_ENGINE] Starting Daily Price Recalibration Cycle ---

      at DailyPriceJob.log [as updatePrice] (src/jobs/daily-price-update.js:26:17)

  console.log
    [32m[AUDIT_INFO] 2026-02-16T00:57:40.884Z - [INFO]: [MARKET_SNAPSHOT] Pool: 0 Pi | Spot Price: 0.000000
    [0m

      at log (src/config/logger.js:68:17)

  console.log
    [AUDIT] Current Water-Level: 0 Pi

      at DailyPriceJob.log [as updatePrice] (src/jobs/daily-price-update.js:54:21)

  console.log
    [AUDIT] Market Spot Price: 0.000000

      at DailyPriceJob.log [as updatePrice] (src/jobs/daily-price-update.js:55:21)

  console.log
    --- [SUCCESS] Market Recalibration Cycle Finalized ---

      at DailyPriceJob.log [as updatePrice] (src/jobs/daily-price-update.js:62:21)

  console.log
    --- [MARKET_ENGINE] Starting Daily Price Recalibration Cycle ---

      at DailyPriceJob.log [as updatePrice] (src/jobs/daily-price-update.js:26:17)

  console.log
    [32m[AUDIT_INFO] 2026-02-16T00:57:41.030Z - [INFO]: [MARKET_SNAPSHOT] Pool: 100000 Pi | Spot Price: 21.818180
    [0m

      at log (src/config/logger.js:68:17)

  console.log
    [AUDIT] Current Water-Level: 100000 Pi

      at DailyPriceJob.log [as updatePrice] (src/jobs/daily-price-update.js:54:21)

  console.log
    [AUDIT] Market Spot Price: 21.818180

      at DailyPriceJob.log [as updatePrice] (src/jobs/daily-price-update.js:55:21)

  console.log
    --- [SUCCESS] Market Recalibration Cycle Finalized ---

      at DailyPriceJob.log [as updatePrice] (src/jobs/daily-price-update.js:62:21)

  console.log
    --- [SYSTEM] Cron Scheduler Engine Initialized (UTC Mode) ---

      at CronScheduler.log [as init] (src/jobs/cron.scheduler.js:27:17)

  console.log
    [32m[AUDIT_INFO] 2026-02-16T00:57:41.205Z - [INFO]: Cron Scheduler Engine Online.
    [0m

      at log (src/config/logger.js:68:17)

  console.log
    --- [SYSTEM] Cron Scheduler Engine Initialized (UTC Mode) ---

      at CronScheduler.log [as init] (src/jobs/cron.scheduler.js:27:17)

  console.log
    [32m[AUDIT_INFO] 2026-02-16T00:57:41.335Z - [INFO]: Cron Scheduler Engine Online.
    [0m

      at log (src/config/logger.js:68:17)

  console.log
    --- [SYSTEM] Cron Scheduler Engine Initialized (UTC Mode) ---

      at CronScheduler.log [as init] (src/jobs/cron.scheduler.js:27:17)

  console.log
    [32m[AUDIT_INFO] 2026-02-16T00:57:41.495Z - [INFO]: Cron Scheduler Engine Online.
    [0m

      at log (src/config/logger.js:68:17)

  console.log
    --- [SYSTEM] Cron Scheduler Engine Initialized (UTC Mode) ---

      at CronScheduler.log [as init] (src/jobs/cron.scheduler.js:27:17)

  console.log
    [32m[AUDIT_INFO] 2026-02-16T00:57:41.637Z - [INFO]: Cron Scheduler Engine Online.
    [0m

      at log (src/config/logger.js:68:17)

PASS test/unit/jobs/daily_price.job.test.js
  Daily Automation & Market Logic - Unit Tests
    Daily Price Job - Financial Precision
      ✓ Recalibration: Should calculate correct spot price with 6-decimal precision (564 ms)
      ✓ Safety: Should return a 0.000000 price when total liquidity is zero (158 ms)
      ✓ Audit: Should include a valid ISO timestamp for the price snapshot (161 ms)
    Cron Scheduler - Task Orchestration
      ✓ Orchestration: Should initialize exactly 3 core automated tasks on boot (137 ms)
      ✓ Scheduling: Daily Price Job must be set for Midnight UTC (154 ms)
      ✓ Scheduling: Monthly Vesting must be set for the 1st of each month (132 ms)
      ✓ Scheduling: Final Whale Settlement must trigger on the 28th day (155 ms)

  console.log
    [32m[AUDIT_INFO] 2026-02-16T00:57:43.463Z - [INFO]: MapCap Audit Engine v1.5.5 Synchronized for Cloud Deployment.
    [0m

      at log (src/config/logger.js:68:17)

  console.log
    
    🚀 Test Engine Connected: Remote Cloud

      at Object.log (test/setup.js:38:15)

  console.log
    --- [FINANCIAL_JOB] Initiating Monthly Dividend Distribution ---

      at DividendJob.log [as distributeDividends] (src/jobs/dividend.job.js:25:17)

  console.log
    [32m[AUDIT_INFO] 2026-02-16T00:57:45.688Z - [INFO]: Dividend Cycle Started. Total Pot: 10000 Pi
    [0m

      at log (src/config/logger.js:68:17)

  console.error
    [31m[AUDIT_ALERT] 2026-02-16T00:57:45.698Z - [WARN]: Anti-Whale Ceiling hit for Whale_Pioneer. Payout capped at 1000 Pi.
    [0m

      64 |     // Real-time Console Output for Log Streaming (Vercel Dashboard Visibility)
      65 |     if (level === 'CRITICAL' || level === 'ERROR' || level === 'WARN') {
    > 66 |         console.error(`\x1b[31m[AUDIT_ALERT] ${entry}\x1b[0m`); // ANSI Red for Errors
         |                 ^
      67 |     } else {
      68 |         console.log(`\x1b[32m[AUDIT_INFO] ${entry}\x1b[0m`); // ANSI Green for Info
      69 |     }

      at error (src/config/logger.js:66:17)
      at DividendJob.writeAuditLog [as distributeDividends] (src/jobs/dividend.job.js:57:21)
      at Object.<anonymous> (test/unit/jobs/dividend.job.test.js:70:7)

  console.log
    [32m[AUDIT_INFO] 2026-02-16T00:57:45.703Z - [INFO]: Dividend Cycle Finalized. Total Pi Dispatched: 1100
    [0m

      at log (src/config/logger.js:68:17)

  console.log
    --- [SUCCESS] Distribution Cycle Complete. Total: 1100 Pi ---

      at DividendJob.log [as distributeDividends] (src/jobs/dividend.job.js:77:21)

  console.log
    --- [FINANCIAL_JOB] Initiating Monthly Dividend Distribution ---

      at DividendJob.log [as distributeDividends] (src/jobs/dividend.job.js:25:17)

  console.log
    [32m[AUDIT_INFO] 2026-02-16T00:57:45.832Z - [INFO]: Dividend Cycle Started. Total Pot: 10000 Pi
    [0m

      at log (src/config/logger.js:68:17)

  console.error
    [31m[AUDIT_ALERT] 2026-02-16T00:57:45.839Z - [WARN]: Anti-Whale Ceiling hit for Whale_Pioneer. Payout capped at 1000 Pi.
    [0m

      64 |     // Real-time Console Output for Log Streaming (Vercel Dashboard Visibility)
      65 |     if (level === 'CRITICAL' || level === 'ERROR' || level === 'WARN') {
    > 66 |         console.error(`\x1b[31m[AUDIT_ALERT] ${entry}\x1b[0m`); // ANSI Red for Errors
         |                 ^
      67 |     } else {
      68 |         console.log(`\x1b[32m[AUDIT_INFO] ${entry}\x1b[0m`); // ANSI Green for Info
      69 |     }

      at error (src/config/logger.js:66:17)
      at DividendJob.writeAuditLog [as distributeDividends] (src/jobs/dividend.job.js:57:21)
      at Object.<anonymous> (test/unit/jobs/dividend.job.test.js:84:7)

  console.log
    [32m[AUDIT_INFO] 2026-02-16T00:57:45.845Z - [INFO]: Dividend Cycle Finalized. Total Pi Dispatched: 1100
    [0m

      at log (src/config/logger.js:68:17)

  console.log
    --- [SUCCESS] Distribution Cycle Complete. Total: 1100 Pi ---

      at DividendJob.log [as distributeDividends] (src/jobs/dividend.job.js:77:21)

  console.log
    --- [FINANCIAL_JOB] Initiating Monthly Dividend Distribution ---

      at DividendJob.log [as distributeDividends] (src/jobs/dividend.job.js:25:17)

  console.log
    [32m[AUDIT_INFO] 2026-02-16T00:57:45.965Z - [INFO]: Dividend Cycle Started. Total Pot: 10000 Pi
    [0m

      at log (src/config/logger.js:68:17)

  console.error
    [31m[AUDIT_ALERT] 2026-02-16T00:57:45.973Z - [CRITICAL]: Dividend Transfer FAILED for Normal_Pioneer: Network Timeout
    [0m

      64 |     // Real-time Console Output for Log Streaming (Vercel Dashboard Visibility)
      65 |     if (level === 'CRITICAL' || level === 'ERROR' || level === 'WARN') {
    > 66 |         console.error(`\x1b[31m[AUDIT_ALERT] ${entry}\x1b[0m`); // ANSI Red for Errors
         |                 ^
      67 |     } else {
      68 |         console.log(`\x1b[32m[AUDIT_INFO] ${entry}\x1b[0m`); // ANSI Green for Info
      69 |     }

      at error (src/config/logger.js:66:17)
      at DividendJob.writeAuditLog [as distributeDividends] (src/jobs/dividend.job.js:71:25)
      at Object.<anonymous> (test/unit/jobs/dividend.job.test.js:99:7)

  console.error
    [31m[AUDIT_ALERT] 2026-02-16T00:57:45.980Z - [WARN]: Anti-Whale Ceiling hit for Whale_Pioneer. Payout capped at 1000 Pi.
    [0m

      64 |     // Real-time Console Output for Log Streaming (Vercel Dashboard Visibility)
      65 |     if (level === 'CRITICAL' || level === 'ERROR' || level === 'WARN') {
    > 66 |         console.error(`\x1b[31m[AUDIT_ALERT] ${entry}\x1b[0m`); // ANSI Red for Errors
         |                 ^
      67 |     } else {
      68 |         console.log(`\x1b[32m[AUDIT_INFO] ${entry}\x1b[0m`); // ANSI Green for Info
      69 |     }

      at error (src/config/logger.js:66:17)
      at DividendJob.writeAuditLog [as distributeDividends] (src/jobs/dividend.job.js:57:21)
      at Object.<anonymous> (test/unit/jobs/dividend.job.test.js:99:7)

  console.log
    [32m[AUDIT_INFO] 2026-02-16T00:57:45.987Z - [INFO]: Dividend Cycle Finalized. Total Pi Dispatched: 1000
    [0m

      at log (src/config/logger.js:68:17)

  console.log
    --- [SUCCESS] Distribution Cycle Complete. Total: 1000 Pi ---

      at DividendJob.log [as distributeDividends] (src/jobs/dividend.job.js:77:21)

PASS test/unit/jobs/dividend.job.test.js
  Tokenomics & Dividends - Unified Financial Tests
    Mint Configuration - Scarcity & Balance
      ✓ Supply: Should enforce 4M Hard-Cap and 2.18M IPO Pool target (619 ms)
      ✓ Balance: IPO and LP pools must mathematically equal the total mint (131 ms)
      ✓ Precision: Should strictly follow the 6-decimal global financial standard (108 ms)
      ✓ Security: Mint configuration object must be frozen at runtime (114 ms)
    Dividend Job - Proportional Payouts
      ✓ Distribution: Should calculate 1% share accurately for normal pioneers (159 ms)
      ✓ Anti-Whale: Should truncate whale dividends at 10% of the profit pot (134 ms)
      ✓ Fault Tolerance: Should continue processing if a single payment fails (149 ms)

  console.log
    
    🚀 Test Engine Connected: Remote Cloud

      at Object.log (test/setup.js:38:15)

PASS test/unit/scripts/cleanup.script.test.js
  System Maintenance Scripts - Operational Logic Tests
    DB Cleanup Script - Purge Protocol
      ✓ Cleanup: Should execute deleteMany with empty filter to wipe all records (431 ms)
      ✓ Safety: Should ensure environment context is evaluated for production protection (71 ms)
    Vesting Reset Script - Global Override
      ✓ Emergency: Should reset vesting progress and released balances globally (82 ms)
      ✓ Integrity: Reset operation must not tamper with identity or contribution fields (87 ms)

  console.log
    [32m[AUDIT_INFO] 2026-02-16T00:57:50.827Z - [INFO]: MapCap Audit Engine v1.5.5 Synchronized for Cloud Deployment.
    [0m

      at log (src/config/logger.js:68:17)

  console.log
    
    🚀 Test Engine Connected: Remote Cloud

      at Object.log (test/setup.js:38:15)

  console.log
    [32m[AUDIT_INFO] 2026-02-16T00:57:53.066Z - [INFO]: Investment Processed: 100 Pi from GBV...PIONEER_ADDR (TX: TXID_2026_MAPCAP_SYNC)
    [0m

      at log (src/config/logger.js:68:17)

  console.error
    [31m[AUDIT_ALERT] 2026-02-16T00:57:53.250Z - [ERROR]: [ERR-MLOGTEN6-B5I] Code: 409 | Message: Duplicate Transaction: TXID already processed in the ledger.
    [0m

      64 |     // Real-time Console Output for Log Streaming (Vercel Dashboard Visibility)
      65 |     if (level === 'CRITICAL' || level === 'ERROR' || level === 'WARN') {
    > 66 |         console.error(`\x1b[31m[AUDIT_ALERT] ${entry}\x1b[0m`); // ANSI Red for Errors
         |                 ^
      67 |     } else {
      68 |         console.log(`\x1b[32m[AUDIT_INFO] ${entry}\x1b[0m`); // ANSI Green for Info
      69 |     }

      at error (src/config/logger.js:66:17)
      at ResponseHelper.writeAuditLog [as error] (src/utils/response.helper.js:51:7)
      at PaymentController.error [as processInvestment] (src/controllers/payment.controller.js:42:39)
      at Object.<anonymous> (test/unit/controllers/payment.controller.test.js:103:7)

  console.error
    [31m[AUDIT_ALERT] 2026-02-16T00:57:53.424Z - [ERROR]: [ERR-MLOGTERZ-LPN] Code: 400 | Message: Missing transaction metadata: 'piAddress', 'amount', and 'piTxId' are required.
    [0m

      64 |     // Real-time Console Output for Log Streaming (Vercel Dashboard Visibility)
      65 |     if (level === 'CRITICAL' || level === 'ERROR' || level === 'WARN') {
    > 66 |         console.error(`\x1b[31m[AUDIT_ALERT] ${entry}\x1b[0m`); // ANSI Red for Errors
         |                 ^
      67 |     } else {
      68 |         console.log(`\x1b[32m[AUDIT_INFO] ${entry}\x1b[0m`); // ANSI Green for Info
      69 |     }

      at error (src/config/logger.js:66:17)
      at ResponseHelper.writeAuditLog [as error] (src/utils/response.helper.js:51:7)
      at PaymentController.error [as processInvestment] (src/controllers/payment.controller.js:32:35)
      at Object.processInvestment (test/unit/controllers/payment.controller.test.js:117:31)

PASS test/unit/controllers/payment.controller.test.js
  Payment & Pi Network Integration - Unit Tests
    Pi Network Infrastructure Constants
      ✓ API: Should verify Pi Network V2 and EscrowPi A2UaaS base endpoints (677 ms)
      ✓ Financials: Should enforce the mandatory 0.01 Pi network gas fee (180 ms)
      ✓ Security: Pi configuration object must be frozen to prevent tampering (132 ms)
    Investment Processing & Idempotency
      ✓ Success: Should process new investment and return 200 to the Frontend (186 ms)
      ✓ Security: Should block duplicate transactions (Idempotency Guard) (174 ms)
      ✓ Validation: Should reject requests with missing financial metadata (173 ms)

  console.log
    
    🚀 Test Engine Connected: Remote Cloud

      at Object.log (test/setup.js:38:15)

PASS test/unit/models/transaction.model.test.js
  Transaction Model - Unified Audit Trail Integrity
    Mandatory Metadata & Financial Guards
      ✓ Validation: Should reject transactions missing address, amount, or type (461 ms)
      ✓ Financials: Should strictly reject negative transaction amounts (79 ms)
    Whale-Shield Compatibility & Lifecycle
      ✓ Compliance: Should support REFUND type for post-IPO ceiling adjustments (163 ms)
      ✓ Compliance: Should correctly categorize a VESTING_RELEASE transaction (81 ms)
      ✓ Defaults: Should default to PENDING status for new ledger entries (76 ms)
    Blockchain Traceability & Sync
      ✓ Integrity: Should store unique Pi Network TxID and memo (192 ms)
      ✓ Audit: Should verify that timestamps are enabled in the schema (58 ms)

  console.log
    
    🚀 Test Engine Connected: Remote Cloud

      at Object.log (test/setup.js:38:15)

PASS test/unit/models/investor.model.test.js
  Investor Ecosystem - Unified Logic & Integrity Tests
    Core Schema Validation
      ✓ Validation: Should require a unique piAddress and block negative contributions (476 ms)
      ✓ Vesting: Should enforce the strict 10-month limit on completed tranches (80 ms)
      ✓ Audit: Should automatically track lastContributionDate on record creation (80 ms)
    Whale Identification & Boundary Logic
      ✓ Audit: Should accurately flag accounts exceeding the 10% ceiling (218,181.8) (94 ms)
      ✓ Boundary: Should not flag an account that is exactly at the 10% limit (78 ms)
    Virtual Properties & UI Protection
      ✓ Virtuals: sharePct must calculate correctly against the 2.18M supply (84 ms)
      ✓ Safety: remainingVesting must use Math.max to prevent negative asset display (81 ms)
    Provisioning & Seeding Logic
      ✓ Seeding: Should verify data purge and insertion of strategic profiles (90 ms)

  console.log
    [32m[AUDIT_INFO] 2026-02-16T00:58:03.191Z - [INFO]: MapCap Audit Engine v1.5.5 Synchronized for Cloud Deployment.
    [0m

      at log (src/config/logger.js:68:17)

  console.log
    
    🚀 Test Engine Connected: Remote Cloud

      at Object.log (test/setup.js:38:15)

  console.error
    [CRITICAL_CONTROLLER_ERROR]: DB_OFFLINE

      109 |              * Vital for Daniel's audit. Ensures failures are captured in server logs.
      110 |              */
    > 111 |             console.error(`[CRITICAL_CONTROLLER_ERROR]: ${error.message}`);
          |                     ^
      112 |             return ResponseHelper.error(res, "Dashboard Sync Failed: Financial Pipeline Offline", 500);
      113 |         }
      114 |     }

      at IpoController.error [as getScreenStats] (src/controllers/ipo.controller.js:111:21)
      at Object.<anonymous> (test/unit/controllers/ipo.controller.test.js:101:7)

  console.error
    [31m[AUDIT_ALERT] 2026-02-16T00:58:05.618Z - [ERROR]: [ERR-MLOGTO6Q-MEP] Code: 500 | Message: Dashboard Sync Failed: Financial Pipeline Offline
    [0m

      64 |     // Real-time Console Output for Log Streaming (Vercel Dashboard Visibility)
      65 |     if (level === 'CRITICAL' || level === 'ERROR' || level === 'WARN') {
    > 66 |         console.error(`\x1b[31m[AUDIT_ALERT] ${entry}\x1b[0m`); // ANSI Red for Errors
         |                 ^
      67 |     } else {
      68 |         console.log(`\x1b[32m[AUDIT_INFO] ${entry}\x1b[0m`); // ANSI Green for Info
      69 |     }

      at error (src/config/logger.js:66:17)
      at ResponseHelper.writeAuditLog [as error] (src/utils/response.helper.js:51:7)
      at IpoController.error [as getScreenStats] (src/controllers/ipo.controller.js:112:35)
      at Object.<anonymous> (test/unit/controllers/ipo.controller.test.js:101:7)

PASS test/unit/controllers/ipo.controller.test.js
  IPO Controller & Branding - Dashboard Logic Tests
    Branding & Compliance Metadata
      ✓ Identity: Should verify correct Project naming and UI Theme colors (694 ms)
      ✓ Mechanics: Should align with Fixed Supply and Whale Cap specs (83 ms)
      ✓ Security: Branding configuration must be frozen to prevent runtime tampering (80 ms)
    Dashboard Logic & Whale-Shield Status
      ✓ Financials: Should deliver accurate formatted values (V1-V4) for UI (253 ms)
      ✓ Whale-Shield: Should return COMPLIANT status if share is within 10% cap (91 ms)
      ✓ Resilience: Should fail gracefully with 500 status on DB pipeline collapse (148 ms)

  console.log
    [32m[AUDIT_INFO] 2026-02-16T00:58:07.492Z - [INFO]: MapCap Audit Engine v1.5.5 Synchronized for Cloud Deployment.
    [0m

      at log (src/config/logger.js:68:17)

  console.log
    
    🚀 Test Engine Connected: Remote Cloud

      at Object.log (test/setup.js:38:15)

PASS test/unit/scripts/manual_trigger.test.js
  Manual Trigger - CLI Command Logic
    ✓ CLI Logic: Should accurately aggregate total pool from distributed records (453 ms)
    ✓ Action: WHALE_REFUND trigger should pass validated data to SettlementJob (141 ms)
    ✓ Safety: Should bypass settlement execution if total aggregated pool is zero (62 ms)

  console.log
    
    🚀 Test Engine Connected: Remote Cloud

      at Object.log (test/setup.js:38:15)

PASS test/unit/services/price.service.test.js
  PriceService - Dynamic Scarcity Engine Tests
    ✓ Integrity: Should verify the IPO supply is locked at exactly 2,181,818 (19 ms)
    ✓ Calculation: Should accurately calculate spot price as liquidity increases (4 ms)
    ✓ Safety: Should return 0 for zero, null, or negative liquidity inputs (4 ms)
    ✓ Formatting: Should standardize price to 6 decimal places for audit logs (3 ms)
    ✓ UI/UX: Should format price to 4 decimal places for dashboard readability (3 ms)
    ✓ Sanitization: Should handle invalid numerical strings gracefully (3 ms)

  console.log
    [32m[AUDIT_INFO] 2026-02-16T00:58:13.593Z - [INFO]: MapCap Audit Engine v1.5.5 Synchronized for Cloud Deployment.
    [0m

      at log (src/config/logger.js:68:17)

  console.log
    
    🚀 Test Engine Connected: Remote Cloud

      at Object.log (test/setup.js:38:15)

  console.log
    [SECURITY_LOG] Admin access granted at 2026-02-16T00:58:14.756Z

      at log (src/middlewares/auth.middleware.js:35:17)

  console.error
    [31m[AUDIT_ALERT] 2026-02-16T00:58:14.816Z - [ERROR]: [ERR-MLOGTVA8-KDM] Code: 400 | Message: Protocol Violation: Withdrawal must be within 0.01% to 100% range.
    [0m

      64 |     // Real-time Console Output for Log Streaming (Vercel Dashboard Visibility)
      65 |     if (level === 'CRITICAL' || level === 'ERROR' || level === 'WARN') {
    > 66 |         console.error(`\x1b[31m[AUDIT_ALERT] ${entry}\x1b[0m`); // ANSI Red for Errors
         |                 ^
      67 |     } else {
      68 |         console.log(`\x1b[32m[AUDIT_INFO] ${entry}\x1b[0m`); // ANSI Green for Info
      69 |     }

      at error (src/config/logger.js:66:17)
      at ResponseHelper.writeAuditLog [as error] (src/utils/response.helper.js:51:7)
      at error (src/middlewares/validate.middleware.js:40:31)
      at Object.validateWithdrawal (test/unit/middlewares/auth.middleware.test.js:88:7)

  console.error
    [31m[AUDIT_ALERT] 2026-02-16T00:58:14.829Z - [ERROR]: [ERR-MLOGTVAL-IRI] Code: 400 | Message: Protocol Violation: Withdrawal must be within 0.01% to 100% range.
    [0m

      64 |     // Real-time Console Output for Log Streaming (Vercel Dashboard Visibility)
      65 |     if (level === 'CRITICAL' || level === 'ERROR' || level === 'WARN') {
    > 66 |         console.error(`\x1b[31m[AUDIT_ALERT] ${entry}\x1b[0m`); // ANSI Red for Errors
         |                 ^
      67 |     } else {
      68 |         console.log(`\x1b[32m[AUDIT_INFO] ${entry}\x1b[0m`); // ANSI Green for Info
      69 |     }

      at error (src/config/logger.js:66:17)
      at ResponseHelper.writeAuditLog [as error] (src/utils/response.helper.js:51:7)
      at error (src/middlewares/validate.middleware.js:40:31)
      at Object.validateWithdrawal (test/unit/middlewares/auth.middleware.test.js:93:7)

  console.error
    [31m[AUDIT_ALERT] 2026-02-16T00:58:14.839Z - [ERROR]: [ERR-MLOGTVAV-F9K] Code: 400 | Message: Compliance Error: 'percentage' and 'userWallet' are mandatory.
    [0m

      64 |     // Real-time Console Output for Log Streaming (Vercel Dashboard Visibility)
      65 |     if (level === 'CRITICAL' || level === 'ERROR' || level === 'WARN') {
    > 66 |         console.error(`\x1b[31m[AUDIT_ALERT] ${entry}\x1b[0m`); // ANSI Red for Errors
         |                 ^
      67 |     } else {
      68 |         console.log(`\x1b[32m[AUDIT_INFO] ${entry}\x1b[0m`); // ANSI Green for Info
      69 |     }

      at error (src/config/logger.js:66:17)
      at ResponseHelper.writeAuditLog [as error] (src/utils/response.helper.js:51:7)
      at error (src/middlewares/validate.middleware.js:27:31)
      at Object.validateWithdrawal (test/unit/middlewares/auth.middleware.test.js:99:7)

PASS test/unit/middlewares/auth.middleware.test.js
  API Guard - Security & Validation Unit Tests
    Admin Auth Middleware - Access Control
      ✓ Access: Should grant entry (next()) when a valid x-admin-token is provided (44 ms)
      ✓ Protection: Should return 403 Forbidden for invalid or missing tokens (13 ms)
    Withdrawal Validation - Financial Guard
      ✓ Integrity: Should parse and allow valid withdrawal percentages (e.g., 50%) (6 ms)
      ✓ Safety: Should reject missing metadata or out-of-range percentages (>100% or <=0%) (23 ms)
      ✓ Compliance: Should return 400 if the mandatory userWallet is missing (8 ms)

  console.log
    [32m[AUDIT_INFO] 2026-02-16T00:58:16.749Z - [INFO]: MapCap Audit Engine v1.5.5 Synchronized for Cloud Deployment.
    [0m

      at log (src/config/logger.js:68:17)

  console.log
    
    🚀 Test Engine Connected: Remote Cloud

      at Object.log (test/setup.js:38:15)

PASS test/unit/utils/api.response.test.js
  Global API Consistency - Response & Error Resilience
    ResponseHelper - Output Formatting
      ✓ Success: Should return a 200 status with standardized data and timestamp (34 ms)
      ✓ Error Handling: Should generate a unique Trace ID prefixed with ERR- (13 ms)
    Error Middleware - Global Resilience & Privacy
      ✓ Capture: Should normalize unhandled exceptions to a 500 JSON response (39 ms)
      ✓ Security: Should hide sensitive stack traces in production mode (6 ms)
      ✓ Propagation: Should maintain the existing HTTP status code (e.g., 403 Forbidden) (4 ms)

  console.log
    [32m[AUDIT_INFO] 2026-02-16T00:58:19.695Z - [INFO]: MapCap Audit Engine v1.5.5 Synchronized for Cloud Deployment.
    [0m

      at log (src/config/logger.js:68:17)

  console.log
    
    🚀 Test Engine Connected: Remote Cloud

      at Object.log (test/setup.js:38:15)

  console.log
    [AUTH_SUCCESS] Administrative session granted for: admin

      at AuthController.log [as adminLogin] (src/controllers/admin/auth.controller.js:54:21)

  console.warn
    [SECURITY_ALERT] Unauthorized login attempt for: admin

      69 |          * Logs unauthorized attempts with timestamps for threat analysis.
      70 |          */
    > 71 |         console.warn(`[SECURITY_ALERT] Unauthorized login attempt for: ${username}`);
         |                 ^
      72 |         
      73 |         return ResponseHelper.error(res, "Authentication failed: Invalid credentials.", 401);
      74 |     }

      at AuthController.warn [as adminLogin] (src/controllers/admin/auth.controller.js:71:17)
      at Object.adminLogin (test/unit/controllers/admin.auth.test.js:75:26)

  console.error
    [31m[AUDIT_ALERT] 2026-02-16T00:58:20.896Z - [ERROR]: [ERR-MLOGTZZ4-LMA] Code: 401 | Message: Authentication failed: Invalid credentials.
    [0m

      64 |     // Real-time Console Output for Log Streaming (Vercel Dashboard Visibility)
      65 |     if (level === 'CRITICAL' || level === 'ERROR' || level === 'WARN') {
    > 66 |         console.error(`\x1b[31m[AUDIT_ALERT] ${entry}\x1b[0m`); // ANSI Red for Errors
         |                 ^
      67 |     } else {
      68 |         console.log(`\x1b[32m[AUDIT_INFO] ${entry}\x1b[0m`); // ANSI Green for Info
      69 |     }

      at error (src/config/logger.js:66:17)
      at ResponseHelper.writeAuditLog [as error] (src/utils/response.helper.js:51:7)
      at AuthController.error [as adminLogin] (src/controllers/admin/auth.controller.js:73:31)
      at Object.adminLogin (test/unit/controllers/admin.auth.test.js:75:26)

PASS test/unit/controllers/admin.auth.test.js
  Admin Auth Controller - Security & Integrity Tests
    ✓ Login Success: Should generate a secure JWT for authorized administrative access (56 ms)
    ✓ Security: Should enforce strict 401 Unauthorized status for invalid credentials (20 ms)
    ✓ Telemetry: Should provide accurate operational status for the Pulse Dashboard (4 ms)

  console.log
    
    🚀 Test Engine Connected: Remote Cloud

      at Object.log (test/setup.js:38:15)

PASS test/unit/utils/math.test.js
  MapCap Math Engine - Unit Tests
    ✓ Alpha Gain: Should calculate exactly 20% increase (18 ms)
    ✓ Whale-Shield: Should accurately flag stakes exceeding 10% threshold (3 ms)
    ✓ Precision: Should round to 6 decimal places with zero artifacts (3 ms)
    ✓ Resilience: Should return 0 for non-numerical inputs (4 ms)

  console.log
    
    🚀 Test Engine Connected: Remote Cloud

      at Object.log (test/setup.js:38:15)

PASS test/unit/utils/project.integrity.test.js
  Project Integrity - Architecture & Security Policy
    Dependency & Metadata Guard
      ✓ Metadata: Should align with stabilized v1.6.5 and ESM standards (18 ms)
      ✓ Runtime: Must enforce Node.js >=18.0.0 for Top-level Await support (3 ms)
      ✓ Stack: Should verify presence of Core Financial & Security libraries (14 ms)
      ✓ Scripts: Should define standardized Start/Dev entry points for Vercel (4 ms)
    Version Control Security Policy
      ✓ Security: Must strictly ignore .env files to prevent credential exposure (5 ms)
      ✓ Architecture: Should exclude node_modules and bulky log files (3 ms)
      ✓ Cleanliness: Should ignore IDE-specific metadata (.vscode, .DS_Store) (3 ms)

FAIL test/unit/models/admin.model.test.js
  ● Test suite failed to run

    Cannot find module '../../../src/models/admin.model.js' from 'test/unit/models/admin.model.test.js'

      at Resolver._throwModNotFoundError (node_modules/jest-resolve/build/resolver.js:427:11)

  console.log
    [32m[AUDIT_INFO] 2026-02-16T00:58:30.689Z - [INFO]: MapCap Audit Engine v1.5.5 Synchronized for Cloud Deployment.
    [0m

      at log (src/config/logger.js:68:17)

FAIL test/integration/ipo.contribution.test.js
  ● Test suite failed to run

    ReferenceError: jest is not defined

      19 |
      20 |   // Increase timeout for cold-start DB connections in CI/CD environments
    > 21 |   jest.setTimeout(20000);
         |   ^
      22 |
      23 |   beforeAll(async () => {
      24 |     if (mongoose.connection.readyState === 0) {

      at jest (test/integration/ipo.contribution.test.js:21:3)
      at describe (test/integration/ipo.contribution.test.js:18:1)

  console.log
    [32m[AUDIT_INFO] 2026-02-16T00:58:33.119Z - [INFO]: MapCap Audit Engine v1.5.5 Synchronized for Cloud Deployment.
    [0m

      at log (src/config/logger.js:68:17)

FAIL test/integration/admin.ops.test.js
  ● Test suite failed to run

    ReferenceError: jest is not defined

      21 |
      22 |   // Global timeout increase for integration tests to prevent "Exceeded timeout" errors
    > 23 |   jest.setTimeout(15000); 
         |   ^
      24 |
      25 |   beforeAll(async () => {
      26 |     // Ensure DB Connection

      at jest (test/integration/admin.ops.test.js:23:3)
      at describe (test/integration/admin.ops.test.js:19:1)

Summary of all failing tests
FAIL test/integration/payout.pipeline.test.js (8.702 s)
  ● Payout Pipeline - End-to-End Financial Integration › Vesting Flow: Successful Pi transfer should update the investor ledger

    expect(received).toBe(expected) // Object.is equality

    Expected: 200
    Received: 404

      68 |     const updatedPioneer = await Investor.findById(pioneer._id);
      69 |     
    > 70 |     expect(response.status).toBe(200);
         |                             ^
      71 |     expect(paymentSpy).toHaveBeenCalled();
      72 |     expect(updatedPioneer.vestingMonthsCompleted).toBe(1);
      73 |     expect(updatedPioneer.lastPayoutTxId).toBe('PI_BLOCK_999');

      at Object.toBe (test/integration/payout.pipeline.test.js:70:29)

FAIL test/integration/metrics.sync.test.js
  ● Metrics Synchronization - System Pulse Integration › Sync: Should fetch external Pi price and update GlobalConfig pulse

    ReferenceError: jest is not defined

      51 |     };
      52 |
    > 53 |     const priceSpy = jest.spyOn(PriceService, 'fetchLatestPiPrice')
         |                      ^
      54 |       .mockResolvedValue(mockPriceData);
      55 |
      56 |     // 2. Trigger the sync via the Admin/Cron endpoint

      at Object.jest (test/integration/metrics.sync.test.js:53:22)

  ● Metrics Synchronization - System Pulse Integration › Sync: Should fetch external Pi price and update GlobalConfig pulse

    ReferenceError: jest is not defined

      31 |   afterEach(async () => {
      32 |     await GlobalConfig.deleteMany({});
    > 33 |     jest.restoreAllMocks();
         |     ^
      34 |   });
      35 |
      36 |   afterAll(async () => {

      at Object.jest (test/integration/metrics.sync.test.js:33:5)

  ● Metrics Synchronization - System Pulse Integration › Resilience: Should retain last known price if external sync fails

    ReferenceError: jest is not defined

      81 |
      82 |     // 2. Simulate external API failure (Timeout or Error)
    > 83 |     jest.spyOn(PriceService, 'fetchLatestPiPrice')
         |     ^
      84 |       .mockRejectedValue(new Error('Oracle Offline'));
      85 |
      86 |     const response = await request(app)

      at Object.jest (test/integration/metrics.sync.test.js:83:5)

  ● Metrics Synchronization - System Pulse Integration › Resilience: Should retain last known price if external sync fails

    ReferenceError: jest is not defined

      31 |   afterEach(async () => {
      32 |     await GlobalConfig.deleteMany({});
    > 33 |     jest.restoreAllMocks();
         |     ^
      34 |   });
      35 |
      36 |   afterAll(async () => {

      at Object.jest (test/integration/metrics.sync.test.js:33:5)

FAIL test/unit/jobs/settlement.job.test.js
  ● Financial Lifecycle - Settlement & Vesting Unified Tests › Monthly Vesting - Release Logic › Calculation: Should release exactly 10% of equity per month

    expect(jest.fn()).toHaveBeenCalledWith(...expected)

    Expected: "Pioneer_001", 100, Any<String>
    Received: "Pioneer_001", 100

    Number of calls: 1

      105 |
      106 |       // Ensure PaymentService is called with correct distribution amount (1000 * 0.1)
    > 107 |       expect(PaymentService.transferPi).toHaveBeenCalledWith(
          |                                         ^
      108 |         'Pioneer_001', 
      109 |         100, 
      110 |         expect.any(String) 

      at Object.toHaveBeenCalledWith (test/unit/jobs/settlement.job.test.js:107:41)

FAIL test/unit/controllers/admin.controller.test.js
  ● Admin Command Center - Unified Integrity Tests › Settlement Engine - Logic & Safety › Execution: Should successfully trigger the Whale-Trim-Back protocol and return status

    expect(jest.fn()).toHaveBeenCalledWith(...expected)

    Expected: ObjectContaining {"message": StringMatching /Settlement sequence finalized|successfully/i, "success": true}
    Received: {"data": {"executionTimestamp": "2026-02-16T00:57:27.522Z", "metrics": {"investorsAudited": 50, "refundsIssued": 2, "totalPoolProcessed": 100000, "totalRefundedPi": 500}, "status": "COMPLETED"}, "message": "Post-IPO settlement and Whale trim-back protocol executed.", "status": "OK", "success": true, "timestamp": "2026-02-16T00:57:27.523Z"}

    Number of calls: 1

      68 |       
      69 |       // Updated to match the standardized ResponseHelper output
    > 70 |       expect(mockRes.json).toHaveBeenCalledWith(
         |                            ^
      71 |         expect.objectContaining({ 
      72 |           success: true, 
      73 |           message: expect.stringMatching(/Settlement sequence finalized|successfully/i) 

      at Object.toHaveBeenCalledWith (test/unit/controllers/admin.controller.test.js:70:28)

FAIL test/unit/models/admin.model.test.js
  ● Test suite failed to run

    Cannot find module '../../../src/models/admin.model.js' from 'test/unit/models/admin.model.test.js'

      at Resolver._throwModNotFoundError (node_modules/jest-resolve/build/resolver.js:427:11)

FAIL test/integration/ipo.contribution.test.js
  ● Test suite failed to run

    ReferenceError: jest is not defined

      19 |
      20 |   // Increase timeout for cold-start DB connections in CI/CD environments
    > 21 |   jest.setTimeout(20000);
         |   ^
      22 |
      23 |   beforeAll(async () => {
      24 |     if (mongoose.connection.readyState === 0) {

      at jest (test/integration/ipo.contribution.test.js:21:3)
      at describe (test/integration/ipo.contribution.test.js:18:1)

FAIL test/integration/admin.ops.test.js
  ● Test suite failed to run

    ReferenceError: jest is not defined

      21 |
      22 |   // Global timeout increase for integration tests to prevent "Exceeded timeout" errors
    > 23 |   jest.setTimeout(15000); 
         |   ^
      24 |
      25 |   beforeAll(async () => {
      26 |     // Ensure DB Connection

      at jest (test/integration/admin.ops.test.js:23:3)
      at describe (test/integration/admin.ops.test.js:19:1)


Test Suites: 7 failed, 16 passed, 23 total
Tests:       5 failed, 100 passed, 105 total
Snapshots:   0 total
Time:        86.993 s
Ran all test suites.
